{
  "RSpec": {
    "coverage": {
      "/home/jore/RubyOnRails/app/helpers/application_helper.rb": {
        "lines": [
          1,
          null
        ]
      },
      "/home/jore/RubyOnRails/app/helpers/beer_clubs_helper.rb": {
        "lines": [
          1,
          null
        ]
      },
      "/home/jore/RubyOnRails/app/helpers/beers_helper.rb": {
        "lines": [
          1,
          null
        ]
      },
      "/home/jore/RubyOnRails/app/helpers/breweries_helper.rb": {
        "lines": [
          1,
          null
        ]
      },
      "/home/jore/RubyOnRails/app/helpers/memberships_helper.rb": {
        "lines": [
          1,
          null
        ]
      },
      "/home/jore/RubyOnRails/app/helpers/styles_helper.rb": {
        "lines": [
          1,
          null
        ]
      },
      "/home/jore/RubyOnRails/app/helpers/users_helper.rb": {
        "lines": [
          1,
          null
        ]
      },
      "/home/jore/RubyOnRails/app/models/beer.rb": {
        "lines": [
          1,
          1,
          null,
          1,
          1,
          1,
          1,
          null,
          1,
          null,
          1,
          0,
          null,
          0,
          null,
          null,
          1,
          2,
          null,
          null
        ]
      },
      "/home/jore/RubyOnRails/app/models/application_record.rb": {
        "lines": [
          1,
          1,
          null
        ]
      },
      "/home/jore/RubyOnRails/app/models/concerns/rating_average.rb": {
        "lines": [
          1,
          1,
          null,
          1,
          23,
          null,
          null
        ]
      },
      "/home/jore/RubyOnRails/app/models/user.rb": {
        "lines": [
          1,
          1,
          null,
          1,
          null,
          1,
          1,
          null,
          1,
          1,
          1,
          null,
          1,
          1,
          1,
          1,
          1,
          null,
          1,
          48,
          null,
          48,
          16,
          32,
          null,
          null,
          48,
          null,
          null,
          1,
          3,
          null,
          2,
          null,
          null,
          1,
          24,
          null,
          null,
          1,
          24,
          null,
          null,
          1,
          32,
          null,
          null
        ]
      },
      "/home/jore/RubyOnRails/app/models/brewery.rb": {
        "lines": [
          1,
          1,
          null,
          1,
          1,
          null,
          1,
          1,
          1,
          null,
          1,
          44,
          null,
          0,
          0,
          null,
          null,
          1,
          0,
          0,
          0,
          null,
          null,
          1,
          6,
          null,
          null,
          1,
          0,
          0,
          null,
          null
        ]
      },
      "/home/jore/RubyOnRails/app/models/style.rb": {
        "lines": [
          1,
          1,
          null,
          1,
          null,
          1,
          7,
          null,
          null
        ]
      },
      "/home/jore/RubyOnRails/app/controllers/sessions_controller.rb": {
        "lines": [
          1,
          1,
          null,
          null,
          1,
          14,
          null,
          14,
          13,
          13,
          null,
          1,
          null,
          null,
          null,
          null,
          1,
          0,
          0,
          null,
          null
        ]
      },
      "/home/jore/RubyOnRails/app/controllers/application_controller.rb": {
        "lines": [
          1,
          1,
          null,
          1,
          161,
          null,
          134,
          null,
          null,
          1,
          4,
          null,
          null
        ]
      },
      "/home/jore/RubyOnRails/app/controllers/users_controller.rb": {
        "lines": [
          1,
          1,
          null,
          null,
          1,
          0,
          null,
          null,
          null,
          1,
          null,
          null,
          null,
          1,
          1,
          null,
          null,
          null,
          1,
          null,
          null,
          null,
          1,
          1,
          null,
          1,
          1,
          2,
          1,
          null,
          0,
          0,
          null,
          null,
          null,
          null,
          null,
          1,
          0,
          0,
          0,
          0,
          null,
          0,
          0,
          null,
          null,
          null,
          null,
          null,
          1,
          0,
          null,
          0,
          0,
          0,
          0,
          0,
          null,
          null,
          null,
          1,
          null,
          null,
          1,
          21,
          null,
          null,
          null,
          1,
          1,
          null,
          null
        ]
      },
      "/home/jore/RubyOnRails/app/models/rating.rb": {
        "lines": [
          1,
          1,
          1,
          null,
          1,
          null,
          null,
          null,
          1,
          11,
          null,
          null
        ]
      },
      "/home/jore/RubyOnRails/app/models/membership.rb": {
        "lines": [
          1,
          1,
          1,
          null
        ]
      },
      "/home/jore/RubyOnRails/app/models/beer_club.rb": {
        "lines": [
          1,
          1,
          0,
          null,
          null,
          1,
          1,
          null
        ]
      },
      "/home/jore/RubyOnRails/app/controllers/beers_controller.rb": {
        "lines": [
          1,
          1,
          1,
          1,
          null,
          1,
          1,
          null,
          null,
          null,
          1,
          0,
          0,
          null,
          null,
          null,
          1,
          2,
          null,
          null,
          null,
          1,
          null,
          null,
          null,
          1,
          2,
          null,
          2,
          2,
          2,
          1,
          null,
          1,
          2,
          1,
          null,
          null,
          null,
          null,
          null,
          1,
          0,
          0,
          0,
          0,
          null,
          0,
          0,
          null,
          null,
          null,
          null,
          null,
          1,
          0,
          null,
          0,
          0,
          0,
          null,
          null,
          null,
          1,
          null,
          null,
          1,
          0,
          null,
          null,
          1,
          3,
          3,
          null,
          null,
          null,
          1,
          2,
          null,
          null
        ]
      },
      "/home/jore/RubyOnRails/app/controllers/breweries_controller.rb": {
        "lines": [
          1,
          1,
          1,
          null,
          null,
          1,
          3,
          null,
          null,
          null,
          1,
          null,
          null,
          null,
          1,
          0,
          null,
          null,
          null,
          1,
          null,
          null,
          null,
          1,
          0,
          null,
          0,
          0,
          0,
          0,
          null,
          0,
          0,
          null,
          null,
          null,
          null,
          null,
          1,
          0,
          0,
          0,
          0,
          null,
          0,
          0,
          null,
          null,
          null,
          null,
          null,
          1,
          0,
          null,
          0,
          0,
          0,
          null,
          null,
          null,
          1,
          null,
          null,
          1,
          1,
          null,
          null,
          1,
          0,
          0,
          0,
          null,
          0,
          null,
          null,
          null,
          null,
          1,
          0,
          null,
          null
        ]
      },
      "/home/jore/RubyOnRails/app/models/weather.rb": {
        "lines": [
          1,
          null
        ]
      },
      "/home/jore/RubyOnRails/lib/beermapping_api.rb": {
        "lines": [
          1,
          1,
          5,
          10,
          null,
          null,
          1,
          5,
          null,
          5,
          5,
          null,
          5,
          null,
          4,
          4,
          15,
          null,
          null,
          null,
          1,
          5,
          0,
          null,
          0,
          null,
          null
        ]
      },
      "/home/jore/RubyOnRails/app/models/place.rb": {
        "lines": [
          1,
          1,
          6,
          null,
          null
        ]
      },
      "/home/jore/RubyOnRails/lib/weather_api.rb": {
        "lines": [
          1,
          1,
          0,
          0,
          null,
          null,
          1,
          0,
          null,
          0,
          0,
          0,
          0,
          null,
          null,
          null,
          1,
          0,
          0,
          null,
          0,
          null,
          null
        ]
      },
      "/home/jore/RubyOnRails/app/controllers/places_controller.rb": {
        "lines": [
          1,
          1,
          null,
          null,
          1,
          3,
          3,
          3,
          1,
          null,
          2,
          null,
          null,
          null,
          1,
          null,
          null
        ]
      },
      "/home/jore/RubyOnRails/app/controllers/ratings_controller.rb": {
        "lines": [
          1,
          1,
          2,
          null,
          null,
          1,
          1,
          1,
          null,
          null,
          1,
          1,
          1,
          1,
          1,
          null,
          0,
          0,
          null,
          null,
          null,
          1,
          1,
          1,
          1,
          null,
          null
        ]
      },
      "/home/jore/RubyOnRails/app/channels/application_cable/channel.rb": {
        "lines": [
          0,
          0,
          0,
          0
        ],
        "branches": {
        }
      },
      "/home/jore/RubyOnRails/app/channels/application_cable/connection.rb": {
        "lines": [
          0,
          0,
          0,
          0
        ],
        "branches": {
        }
      },
      "/home/jore/RubyOnRails/app/controllers/beer_clubs_controller.rb": {
        "lines": [
          0,
          0,
          0,
          null,
          null,
          0,
          0,
          0,
          null,
          null,
          0,
          0,
          0,
          0,
          null,
          null,
          0,
          0,
          0,
          null,
          null,
          0,
          0,
          null,
          null,
          0,
          0,
          null,
          0,
          0,
          0,
          0,
          0,
          0,
          0,
          0,
          0,
          0,
          null,
          null,
          0,
          0,
          0,
          0,
          0,
          0,
          0,
          0,
          0,
          0,
          0,
          null,
          null,
          0,
          0,
          null,
          0,
          0,
          0,
          0,
          0,
          null,
          0,
          null,
          null,
          0,
          0,
          0,
          null,
          null,
          0,
          0,
          0,
          0
        ],
        "branches": {
        }
      },
      "/home/jore/RubyOnRails/app/controllers/memberships_controller.rb": {
        "lines": [
          0,
          0,
          null,
          null,
          0,
          0,
          0,
          null,
          null,
          0,
          0,
          null,
          null,
          0,
          0,
          0,
          0,
          null,
          null,
          0,
          0,
          null,
          null,
          0,
          0,
          0,
          null,
          0,
          0,
          0,
          0,
          0,
          0,
          0,
          0,
          0,
          0,
          0,
          null,
          null,
          0,
          0,
          0,
          0,
          0,
          0,
          0,
          0,
          0,
          0,
          0,
          null,
          null,
          0,
          0,
          0,
          null,
          0,
          0,
          0,
          0,
          0,
          null,
          0,
          null,
          null,
          0,
          0,
          0,
          null,
          null,
          0,
          0,
          0,
          0
        ],
        "branches": {
        }
      },
      "/home/jore/RubyOnRails/app/controllers/styles_controller.rb": {
        "lines": [
          0,
          0,
          null,
          null,
          0,
          0,
          0,
          null,
          null,
          0,
          0,
          0,
          null,
          null,
          0,
          0,
          0,
          null,
          null,
          0,
          0,
          null,
          null,
          0,
          0,
          null,
          0,
          0,
          0,
          0,
          0,
          0,
          0,
          0,
          0,
          0,
          null,
          null,
          0,
          0,
          0,
          0,
          0,
          0,
          0,
          0,
          0,
          0,
          0,
          null,
          null,
          0,
          0,
          null,
          0,
          0,
          0,
          0,
          0,
          null,
          0,
          null,
          0,
          0,
          0,
          null,
          null,
          0,
          0,
          0,
          0
        ],
        "branches": {
        }
      },
      "/home/jore/RubyOnRails/app/jobs/application_job.rb": {
        "lines": [
          0,
          null,
          null,
          null,
          null,
          null,
          0
        ],
        "branches": {
        }
      },
      "/home/jore/RubyOnRails/app/mailers/application_mailer.rb": {
        "lines": [
          0,
          0,
          0,
          0
        ],
        "branches": {
        }
      }
    },
    "timestamp": 1670761626
  }
}
